0 info it worked if it ends with ok
1 verbose cli [ '/usr/bin/node', '/usr/bin/npm', 'publish' ]
2 info using npm@3.5.2
3 info using node@v8.10.0
4 verbose publish [ '.' ]
5 silly cache add args [ '.', null ]
6 verbose cache add spec .
7 silly cache add parsed spec Result {
7 silly cache add   raw: '.',
7 silly cache add   scope: null,
7 silly cache add   name: null,
7 silly cache add   rawSpec: '.',
7 silly cache add   spec: '/home/i/BrainGames',
7 silly cache add   type: 'directory' }
8 verbose addLocalDirectory /home/i/.npm/brain_games_shohirev/1.0.0/package.tgz not in flight; packing
9 info lifecycle brain_games_shohirev@1.0.0~prepublish: brain_games_shohirev@1.0.0
10 silly lifecycle brain_games_shohirev@1.0.0~prepublish: no script for prepublish, continuing
11 verbose tar pack [ '/home/i/.npm/brain_games_shohirev/1.0.0/package.tgz',
11 verbose tar pack   '/home/i/BrainGames' ]
12 verbose tarball /home/i/.npm/brain_games_shohirev/1.0.0/package.tgz
13 verbose folder /home/i/BrainGames
14 verbose addLocalTarball adding from inside cache /home/i/.npm/brain_games_shohirev/1.0.0/package.tgz
15 silly cache afterAdd brain_games_shohirev@1.0.0
16 verbose afterAdd /home/i/.npm/brain_games_shohirev/1.0.0/package/package.json not in flight; writing
17 verbose afterAdd /home/i/.npm/brain_games_shohirev/1.0.0/package/package.json written
18 silly publish { name: 'brain_games_shohirev',
18 silly publish   version: '1.0.0',
18 silly publish   description: '',
18 silly publish   main: 'index.js',
18 silly publish   bin: { 'brain-games': 'dist/bin/brain-games.js' },
18 silly publish   files: [ 'dist' ],
18 silly publish   scripts:
18 silly publish    { test: 'echo "Error: no test specified" && exit 1',
18 silly publish      build: 'NODE_ENV=production babel src --out-dir dist --source-maps inline',
18 silly publish      prepublishOnly: 'npm run build' },
18 silly publish   author: { name: 'shohirev' },
18 silly publish   license: 'ISC',
18 silly publish   devDependencies:
18 silly publish    { '@babel/cli': '^7.4.4',
18 silly publish      '@babel/core': '^7.4.4',
18 silly publish      '@babel/node': '^7.2.2',
18 silly publish      '@babel/preset-env': '^7.4.4' },
18 silly publish   readme: '# brain-games\n',
18 silly publish   readmeFilename: 'README.md',
18 silly publish   gitHead: '37c4a0e914d2c33996d343d396cb7cda915873fe',
18 silly publish   _id: 'brain_games_shohirev@1.0.0',
18 silly publish   _shasum: '368ea3186328595d16a38d364f4f0d862fa32a43',
18 silly publish   _from: '.' }
19 verbose getPublishConfig undefined
20 silly mapToRegistry name brain_games_shohirev
21 silly mapToRegistry using default registry
22 silly mapToRegistry registry https://registry.npmjs.org/
23 silly mapToRegistry uri https://registry.npmjs.org/brain_games_shohirev
24 verbose publish registryBase https://registry.npmjs.org/
25 silly publish uploading /home/i/.npm/brain_games_shohirev/1.0.0/package.tgz
26 verbose request uri https://registry.npmjs.org/brain_games_shohirev
27 verbose request sending authorization for write operation
28 info attempt registry request try #1 at 12:48:21
29 verbose request using bearer token for auth
30 verbose request id 17bbfb7729ff7913
31 http request PUT https://registry.npmjs.org/brain_games_shohirev
32 http 403 https://registry.npmjs.org/brain_games_shohirev
33 verbose headers { date: 'Mon, 29 Apr 2019 07:48:22 GMT',
33 verbose headers   'content-type': 'application/json',
33 verbose headers   'transfer-encoding': 'chunked',
33 verbose headers   connection: 'keep-alive',
33 verbose headers   'set-cookie':
33 verbose headers    [ '__cfduid=d588cfd3d2537ecbd362c73d7a2ae3d4b1556524101; expires=Tue, 28-Apr-20 07:48:21 GMT; path=/; domain=.registry.npmjs.org; HttpOnly' ],
33 verbose headers   'cf-ray': '4cefac544a3d901d-DME',
33 verbose headers   'expect-ct': 'max-age=604800, report-uri="https://report-uri.cloudflare.com/cdn-cgi/beacon/expect-ct"',
33 verbose headers   vary: 'Accept-Encoding',
33 verbose headers   server: 'cloudflare',
33 verbose headers   'content-encoding': 'gzip' }
34 verbose request invalidating /home/i/.npm/registry.npmjs.org/brain_games_shohirev on PUT
35 error publish Failed PUT 403
36 verbose stack Error: You cannot publish over the previously published versions: 1.0.0. : brain_games_shohirev
36 verbose stack     at makeError (/usr/share/npm/node_modules/npm-registry-client/lib/request.js:264:12)
36 verbose stack     at CachingRegistryClient.<anonymous> (/usr/share/npm/node_modules/npm-registry-client/lib/request.js:252:14)
36 verbose stack     at /usr/share/npm/node_modules/npm-registry-client/lib/request.js:178:7
36 verbose stack     at Gunzip.onEnd (zlib.js:131:5)
36 verbose stack     at emitNone (events.js:111:20)
36 verbose stack     at Gunzip.emit (events.js:208:7)
36 verbose stack     at endReadableNT (_stream_readable.js:1064:12)
36 verbose stack     at _combinedTickCallback (internal/process/next_tick.js:138:11)
36 verbose stack     at process._tickCallback (internal/process/next_tick.js:180:9)
37 verbose statusCode 403
38 verbose pkgid brain_games_shohirev
39 verbose cwd /home/i/BrainGames
40 error Linux 4.18.0-17-generic
41 error argv "/usr/bin/node" "/usr/bin/npm" "publish"
42 error node v8.10.0
43 error npm  v3.5.2
44 error code E403
45 error You cannot publish over the previously published versions: 1.0.0. : brain_games_shohirev
46 error If you need help, you may report this error at:
46 error     <https://github.com/npm/npm/issues>
47 verbose exit [ 1, true ]
